CRITICAL - 2022-04-22 01:00:15 --> Undefined variable $query
#0 C:\xampp\htdocs\themindsmith\app\Controllers\Articles_controller.php(72): CodeIgniter\Debug\Exceptions->errorHandler(2, 'Undefined varia...', 'C:\\xampp\\htdocs...', 72)
#1 C:\xampp\htdocs\themindsmith\system\CodeIgniter.php(802): App\Controllers\Articles_controller->add_article()
#2 C:\xampp\htdocs\themindsmith\system\CodeIgniter.php(399): CodeIgniter\CodeIgniter->runController(Object(App\Controllers\Articles_controller))
#3 C:\xampp\htdocs\themindsmith\system\CodeIgniter.php(317): CodeIgniter\CodeIgniter->handleRequest(NULL, Object(Config\Cache), false)
#4 C:\xampp\htdocs\themindsmith\index.php(37): CodeIgniter\CodeIgniter->run()
#5 {main}
CRITICAL - 2022-04-22 01:12:19 --> Invalid file: /admin/application/add_article.php
#0 C:\xampp\htdocs\themindsmith\system\View\View.php(198): CodeIgniter\Exceptions\FrameworkException::forInvalidFile('/admin/applicat...')
#1 C:\xampp\htdocs\themindsmith\system\Common.php(1092): CodeIgniter\View\View->render('/admin/applicat...', Array, true)
#2 C:\xampp\htdocs\themindsmith\app\Controllers\Articles_controller.php(65): view('/admin/applicat...', Array)
#3 C:\xampp\htdocs\themindsmith\system\CodeIgniter.php(802): App\Controllers\Articles_controller->add_article()
#4 C:\xampp\htdocs\themindsmith\system\CodeIgniter.php(399): CodeIgniter\CodeIgniter->runController(Object(App\Controllers\Articles_controller))
#5 C:\xampp\htdocs\themindsmith\system\CodeIgniter.php(317): CodeIgniter\CodeIgniter->handleRequest(NULL, Object(Config\Cache), false)
#6 C:\xampp\htdocs\themindsmith\index.php(37): CodeIgniter\CodeIgniter->run()
#7 {main}
CRITICAL - 2022-04-22 01:12:32 --> Invalid file: /admin/application/add_article.php
#0 C:\xampp\htdocs\themindsmith\system\View\View.php(198): CodeIgniter\Exceptions\FrameworkException::forInvalidFile('/admin/applicat...')
#1 C:\xampp\htdocs\themindsmith\system\Common.php(1092): CodeIgniter\View\View->render('/admin/applicat...', Array, true)
#2 C:\xampp\htdocs\themindsmith\app\Controllers\Articles_controller.php(65): view('/admin/applicat...', Array)
#3 C:\xampp\htdocs\themindsmith\system\CodeIgniter.php(802): App\Controllers\Articles_controller->add_article()
#4 C:\xampp\htdocs\themindsmith\system\CodeIgniter.php(399): CodeIgniter\CodeIgniter->runController(Object(App\Controllers\Articles_controller))
#5 C:\xampp\htdocs\themindsmith\system\CodeIgniter.php(317): CodeIgniter\CodeIgniter->handleRequest(NULL, Object(Config\Cache), false)
#6 C:\xampp\htdocs\themindsmith\index.php(37): CodeIgniter\CodeIgniter->run()
#7 {main}
CRITICAL - 2022-04-22 01:15:16 --> Invalid file: /admin/application/add_article.php
#0 C:\xampp\htdocs\themindsmith\system\View\View.php(198): CodeIgniter\Exceptions\FrameworkException::forInvalidFile('/admin/applicat...')
#1 C:\xampp\htdocs\themindsmith\system\Common.php(1092): CodeIgniter\View\View->render('/admin/applicat...', Array, true)
#2 C:\xampp\htdocs\themindsmith\app\Controllers\Articles_controller.php(60): view('/admin/applicat...', Array)
#3 C:\xampp\htdocs\themindsmith\system\CodeIgniter.php(802): App\Controllers\Articles_controller->add_article()
#4 C:\xampp\htdocs\themindsmith\system\CodeIgniter.php(399): CodeIgniter\CodeIgniter->runController(Object(App\Controllers\Articles_controller))
#5 C:\xampp\htdocs\themindsmith\system\CodeIgniter.php(317): CodeIgniter\CodeIgniter->handleRequest(NULL, Object(Config\Cache), false)
#6 C:\xampp\htdocs\themindsmith\index.php(37): CodeIgniter\CodeIgniter->run()
#7 {main}
CRITICAL - 2022-04-22 01:27:52 --> Invalid file: /admin/application/add_article.php
#0 C:\xampp\htdocs\themindsmith\system\View\View.php(198): CodeIgniter\Exceptions\FrameworkException::forInvalidFile('/admin/applicat...')
#1 C:\xampp\htdocs\themindsmith\system\Common.php(1092): CodeIgniter\View\View->render('/admin/applicat...', Array, true)
#2 C:\xampp\htdocs\themindsmith\app\Controllers\Articles_controller.php(57): view('/admin/applicat...', Array)
#3 C:\xampp\htdocs\themindsmith\system\CodeIgniter.php(802): App\Controllers\Articles_controller->add_article()
#4 C:\xampp\htdocs\themindsmith\system\CodeIgniter.php(399): CodeIgniter\CodeIgniter->runController(Object(App\Controllers\Articles_controller))
#5 C:\xampp\htdocs\themindsmith\system\CodeIgniter.php(317): CodeIgniter\CodeIgniter->handleRequest(NULL, Object(Config\Cache), false)
#6 C:\xampp\htdocs\themindsmith\index.php(37): CodeIgniter\CodeIgniter->run()
#7 {main}
CRITICAL - 2022-04-22 02:27:03 --> Undefined array key "id"
#0 C:\xampp\htdocs\themindsmith\app\Views\admin\application\doctors_list.php(54): CodeIgniter\Debug\Exceptions->errorHandler(2, 'Undefined array...', 'C:\\xampp\\htdocs...', 54)
#1 C:\xampp\htdocs\themindsmith\system\View\View.php(214): include('C:\\xampp\\htdocs...')
#2 C:\xampp\htdocs\themindsmith\system\View\View.php(217): CodeIgniter\View\View->CodeIgniter\View\{closure}()
#3 C:\xampp\htdocs\themindsmith\system\Common.php(1092): CodeIgniter\View\View->render('admin/applicati...', Array, true)
#4 C:\xampp\htdocs\themindsmith\app\Controllers\Doctor_controller.php(87): view('admin/applicati...', Array)
#5 C:\xampp\htdocs\themindsmith\system\CodeIgniter.php(802): App\Controllers\Doctor_controller->doc_list()
#6 C:\xampp\htdocs\themindsmith\system\CodeIgniter.php(399): CodeIgniter\CodeIgniter->runController(Object(App\Controllers\Doctor_controller))
#7 C:\xampp\htdocs\themindsmith\system\CodeIgniter.php(317): CodeIgniter\CodeIgniter->handleRequest(NULL, Object(Config\Cache), false)
#8 C:\xampp\htdocs\themindsmith\index.php(37): CodeIgniter\CodeIgniter->run()
#9 {main}
CRITICAL - 2022-04-22 02:32:17 --> Undefined array key "id"
#0 C:\xampp\htdocs\themindsmith\app\Views\admin\application\doctors_list.php(54): CodeIgniter\Debug\Exceptions->errorHandler(2, 'Undefined array...', 'C:\\xampp\\htdocs...', 54)
#1 C:\xampp\htdocs\themindsmith\system\View\View.php(214): include('C:\\xampp\\htdocs...')
#2 C:\xampp\htdocs\themindsmith\system\View\View.php(217): CodeIgniter\View\View->CodeIgniter\View\{closure}()
#3 C:\xampp\htdocs\themindsmith\system\Common.php(1092): CodeIgniter\View\View->render('admin/applicati...', Array, true)
#4 C:\xampp\htdocs\themindsmith\app\Controllers\Doctor_controller.php(87): view('admin/applicati...', Array)
#5 C:\xampp\htdocs\themindsmith\system\CodeIgniter.php(802): App\Controllers\Doctor_controller->doc_list()
#6 C:\xampp\htdocs\themindsmith\system\CodeIgniter.php(399): CodeIgniter\CodeIgniter->runController(Object(App\Controllers\Doctor_controller))
#7 C:\xampp\htdocs\themindsmith\system\CodeIgniter.php(317): CodeIgniter\CodeIgniter->handleRequest(NULL, Object(Config\Cache), false)
#8 C:\xampp\htdocs\themindsmith\index.php(37): CodeIgniter\CodeIgniter->run()
#9 {main}
CRITICAL - 2022-04-22 02:32:56 --> Undefined array key "id"
#0 C:\xampp\htdocs\themindsmith\app\Views\admin\application\doctors_list.php(54): CodeIgniter\Debug\Exceptions->errorHandler(2, 'Undefined array...', 'C:\\xampp\\htdocs...', 54)
#1 C:\xampp\htdocs\themindsmith\system\View\View.php(214): include('C:\\xampp\\htdocs...')
#2 C:\xampp\htdocs\themindsmith\system\View\View.php(217): CodeIgniter\View\View->CodeIgniter\View\{closure}()
#3 C:\xampp\htdocs\themindsmith\system\Common.php(1092): CodeIgniter\View\View->render('/admin/applicat...', Array, true)
#4 C:\xampp\htdocs\themindsmith\app\Controllers\Doctor_controller.php(87): view('/admin/applicat...', Array)
#5 C:\xampp\htdocs\themindsmith\system\CodeIgniter.php(802): App\Controllers\Doctor_controller->doc_list()
#6 C:\xampp\htdocs\themindsmith\system\CodeIgniter.php(399): CodeIgniter\CodeIgniter->runController(Object(App\Controllers\Doctor_controller))
#7 C:\xampp\htdocs\themindsmith\system\CodeIgniter.php(317): CodeIgniter\CodeIgniter->handleRequest(NULL, Object(Config\Cache), false)
#8 C:\xampp\htdocs\themindsmith\index.php(37): CodeIgniter\CodeIgniter->run()
#9 {main}
CRITICAL - 2022-04-22 02:33:04 --> Undefined array key "id"
#0 C:\xampp\htdocs\themindsmith\app\Views\admin\application\doctors_list.php(54): CodeIgniter\Debug\Exceptions->errorHandler(2, 'Undefined array...', 'C:\\xampp\\htdocs...', 54)
#1 C:\xampp\htdocs\themindsmith\system\View\View.php(214): include('C:\\xampp\\htdocs...')
#2 C:\xampp\htdocs\themindsmith\system\View\View.php(217): CodeIgniter\View\View->CodeIgniter\View\{closure}()
#3 C:\xampp\htdocs\themindsmith\system\Common.php(1092): CodeIgniter\View\View->render('/admin/applicat...', Array, true)
#4 C:\xampp\htdocs\themindsmith\app\Controllers\Doctor_controller.php(87): view('/admin/applicat...', Array)
#5 C:\xampp\htdocs\themindsmith\system\CodeIgniter.php(802): App\Controllers\Doctor_controller->doc_list()
#6 C:\xampp\htdocs\themindsmith\system\CodeIgniter.php(399): CodeIgniter\CodeIgniter->runController(Object(App\Controllers\Doctor_controller))
#7 C:\xampp\htdocs\themindsmith\system\CodeIgniter.php(317): CodeIgniter\CodeIgniter->handleRequest(NULL, Object(Config\Cache), false)
#8 C:\xampp\htdocs\themindsmith\index.php(37): CodeIgniter\CodeIgniter->run()
#9 {main}
CRITICAL - 2022-04-22 02:34:14 --> Undefined array key "id"
#0 C:\xampp\htdocs\themindsmith\app\Views\admin\application\doctors_list.php(54): CodeIgniter\Debug\Exceptions->errorHandler(2, 'Undefined array...', 'C:\\xampp\\htdocs...', 54)
#1 C:\xampp\htdocs\themindsmith\system\View\View.php(214): include('C:\\xampp\\htdocs...')
#2 C:\xampp\htdocs\themindsmith\system\View\View.php(217): CodeIgniter\View\View->CodeIgniter\View\{closure}()
#3 C:\xampp\htdocs\themindsmith\system\Common.php(1092): CodeIgniter\View\View->render('/admin/applicat...', Array, true)
#4 C:\xampp\htdocs\themindsmith\app\Controllers\Doctor_controller.php(87): view('/admin/applicat...', Array)
#5 C:\xampp\htdocs\themindsmith\system\CodeIgniter.php(802): App\Controllers\Doctor_controller->doc_list()
#6 C:\xampp\htdocs\themindsmith\system\CodeIgniter.php(399): CodeIgniter\CodeIgniter->runController(Object(App\Controllers\Doctor_controller))
#7 C:\xampp\htdocs\themindsmith\system\CodeIgniter.php(317): CodeIgniter\CodeIgniter->handleRequest(NULL, Object(Config\Cache), false)
#8 C:\xampp\htdocs\themindsmith\index.php(37): CodeIgniter\CodeIgniter->run()
#9 {main}
CRITICAL - 2022-04-22 02:34:52 --> Undefined variable $data
#0 C:\xampp\htdocs\themindsmith\app\Controllers\Doctor_controller.php(87): CodeIgniter\Debug\Exceptions->errorHandler(2, 'Undefined varia...', 'C:\\xampp\\htdocs...', 87)
#1 C:\xampp\htdocs\themindsmith\system\CodeIgniter.php(802): App\Controllers\Doctor_controller->doc_list()
#2 C:\xampp\htdocs\themindsmith\system\CodeIgniter.php(399): CodeIgniter\CodeIgniter->runController(Object(App\Controllers\Doctor_controller))
#3 C:\xampp\htdocs\themindsmith\system\CodeIgniter.php(317): CodeIgniter\CodeIgniter->handleRequest(NULL, Object(Config\Cache), false)
#4 C:\xampp\htdocs\themindsmith\index.php(37): CodeIgniter\CodeIgniter->run()
#5 {main}
CRITICAL - 2022-04-22 02:36:03 --> Undefined variable $doclist
#0 C:\xampp\htdocs\themindsmith\app\Views\admin\application\doctors_list.php(46): CodeIgniter\Debug\Exceptions->errorHandler(2, 'Undefined varia...', 'C:\\xampp\\htdocs...', 46)
#1 C:\xampp\htdocs\themindsmith\system\View\View.php(214): include('C:\\xampp\\htdocs...')
#2 C:\xampp\htdocs\themindsmith\system\View\View.php(217): CodeIgniter\View\View->CodeIgniter\View\{closure}()
#3 C:\xampp\htdocs\themindsmith\system\Common.php(1092): CodeIgniter\View\View->render('/admin/applicat...', Array, true)
#4 C:\xampp\htdocs\themindsmith\app\Controllers\Doctor_controller.php(87): view('/admin/applicat...')
#5 C:\xampp\htdocs\themindsmith\system\CodeIgniter.php(802): App\Controllers\Doctor_controller->doc_list()
#6 C:\xampp\htdocs\themindsmith\system\CodeIgniter.php(399): CodeIgniter\CodeIgniter->runController(Object(App\Controllers\Doctor_controller))
#7 C:\xampp\htdocs\themindsmith\system\CodeIgniter.php(317): CodeIgniter\CodeIgniter->handleRequest(NULL, Object(Config\Cache), false)
#8 C:\xampp\htdocs\themindsmith\index.php(37): CodeIgniter\CodeIgniter->run()
#9 {main}
CRITICAL - 2022-04-22 02:36:58 --> Undefined variable $doclist
#0 C:\xampp\htdocs\themindsmith\app\Views\admin\application\doctors_list.php(46): CodeIgniter\Debug\Exceptions->errorHandler(2, 'Undefined varia...', 'C:\\xampp\\htdocs...', 46)
#1 C:\xampp\htdocs\themindsmith\system\View\View.php(214): include('C:\\xampp\\htdocs...')
#2 C:\xampp\htdocs\themindsmith\system\View\View.php(217): CodeIgniter\View\View->CodeIgniter\View\{closure}()
#3 C:\xampp\htdocs\themindsmith\system\Common.php(1092): CodeIgniter\View\View->render('/admin/applicat...', Array, true)
#4 C:\xampp\htdocs\themindsmith\app\Controllers\Doctor_controller.php(87): view('/admin/applicat...')
#5 C:\xampp\htdocs\themindsmith\system\CodeIgniter.php(802): App\Controllers\Doctor_controller->doc_list()
#6 C:\xampp\htdocs\themindsmith\system\CodeIgniter.php(399): CodeIgniter\CodeIgniter->runController(Object(App\Controllers\Doctor_controller))
#7 C:\xampp\htdocs\themindsmith\system\CodeIgniter.php(317): CodeIgniter\CodeIgniter->handleRequest(NULL, Object(Config\Cache), false)
#8 C:\xampp\htdocs\themindsmith\index.php(37): CodeIgniter\CodeIgniter->run()
#9 {main}
CRITICAL - 2022-04-22 02:37:25 --> Undefined variable $doclist
#0 C:\xampp\htdocs\themindsmith\app\Views\admin\application\doctors_list.php(46): CodeIgniter\Debug\Exceptions->errorHandler(2, 'Undefined varia...', 'C:\\xampp\\htdocs...', 46)
#1 C:\xampp\htdocs\themindsmith\system\View\View.php(214): include('C:\\xampp\\htdocs...')
#2 C:\xampp\htdocs\themindsmith\system\View\View.php(217): CodeIgniter\View\View->CodeIgniter\View\{closure}()
#3 C:\xampp\htdocs\themindsmith\system\Common.php(1092): CodeIgniter\View\View->render('/admin/applicat...', Array, true)
#4 C:\xampp\htdocs\themindsmith\app\Controllers\Doctor_controller.php(87): view('/admin/applicat...')
#5 C:\xampp\htdocs\themindsmith\system\CodeIgniter.php(802): App\Controllers\Doctor_controller->doc_list()
#6 C:\xampp\htdocs\themindsmith\system\CodeIgniter.php(399): CodeIgniter\CodeIgniter->runController(Object(App\Controllers\Doctor_controller))
#7 C:\xampp\htdocs\themindsmith\system\CodeIgniter.php(317): CodeIgniter\CodeIgniter->handleRequest(NULL, Object(Config\Cache), false)
#8 C:\xampp\htdocs\themindsmith\index.php(37): CodeIgniter\CodeIgniter->run()
#9 {main}
CRITICAL - 2022-04-22 02:37:32 --> Undefined variable $doclist
#0 C:\xampp\htdocs\themindsmith\app\Views\admin\application\doctors_list.php(46): CodeIgniter\Debug\Exceptions->errorHandler(2, 'Undefined varia...', 'C:\\xampp\\htdocs...', 46)
#1 C:\xampp\htdocs\themindsmith\system\View\View.php(214): include('C:\\xampp\\htdocs...')
#2 C:\xampp\htdocs\themindsmith\system\View\View.php(217): CodeIgniter\View\View->CodeIgniter\View\{closure}()
#3 C:\xampp\htdocs\themindsmith\system\Common.php(1092): CodeIgniter\View\View->render('/admin/applicat...', Array, true)
#4 C:\xampp\htdocs\themindsmith\app\Controllers\Doctor_controller.php(87): view('/admin/applicat...')
#5 C:\xampp\htdocs\themindsmith\system\CodeIgniter.php(802): App\Controllers\Doctor_controller->doc_list()
#6 C:\xampp\htdocs\themindsmith\system\CodeIgniter.php(399): CodeIgniter\CodeIgniter->runController(Object(App\Controllers\Doctor_controller))
#7 C:\xampp\htdocs\themindsmith\system\CodeIgniter.php(317): CodeIgniter\CodeIgniter->handleRequest(NULL, Object(Config\Cache), false)
#8 C:\xampp\htdocs\themindsmith\index.php(37): CodeIgniter\CodeIgniter->run()
#9 {main}
CRITICAL - 2022-04-22 02:37:57 --> Undefined array key "id"
#0 C:\xampp\htdocs\themindsmith\app\Views\admin\application\doctors_list.php(54): CodeIgniter\Debug\Exceptions->errorHandler(2, 'Undefined array...', 'C:\\xampp\\htdocs...', 54)
#1 C:\xampp\htdocs\themindsmith\system\View\View.php(214): include('C:\\xampp\\htdocs...')
#2 C:\xampp\htdocs\themindsmith\system\View\View.php(217): CodeIgniter\View\View->CodeIgniter\View\{closure}()
#3 C:\xampp\htdocs\themindsmith\system\Common.php(1092): CodeIgniter\View\View->render('/admin/applicat...', Array, true)
#4 C:\xampp\htdocs\themindsmith\app\Controllers\Doctor_controller.php(87): view('/admin/applicat...', Array)
#5 C:\xampp\htdocs\themindsmith\system\CodeIgniter.php(802): App\Controllers\Doctor_controller->doc_list()
#6 C:\xampp\htdocs\themindsmith\system\CodeIgniter.php(399): CodeIgniter\CodeIgniter->runController(Object(App\Controllers\Doctor_controller))
#7 C:\xampp\htdocs\themindsmith\system\CodeIgniter.php(317): CodeIgniter\CodeIgniter->handleRequest(NULL, Object(Config\Cache), false)
#8 C:\xampp\htdocs\themindsmith\index.php(37): CodeIgniter\CodeIgniter->run()
#9 {main}
CRITICAL - 2022-04-22 02:40:10 --> Undefined array key "id"
#0 C:\xampp\htdocs\themindsmith\app\Views\admin\application\doctors_list.php(54): CodeIgniter\Debug\Exceptions->errorHandler(2, 'Undefined array...', 'C:\\xampp\\htdocs...', 54)
#1 C:\xampp\htdocs\themindsmith\system\View\View.php(214): include('C:\\xampp\\htdocs...')
#2 C:\xampp\htdocs\themindsmith\system\View\View.php(217): CodeIgniter\View\View->CodeIgniter\View\{closure}()
#3 C:\xampp\htdocs\themindsmith\system\Common.php(1092): CodeIgniter\View\View->render('/admin/applicat...', Array, true)
#4 C:\xampp\htdocs\themindsmith\app\Controllers\Doctor_controller.php(87): view('/admin/applicat...', Array)
#5 C:\xampp\htdocs\themindsmith\system\CodeIgniter.php(802): App\Controllers\Doctor_controller->doc_list()
#6 C:\xampp\htdocs\themindsmith\system\CodeIgniter.php(399): CodeIgniter\CodeIgniter->runController(Object(App\Controllers\Doctor_controller))
#7 C:\xampp\htdocs\themindsmith\system\CodeIgniter.php(317): CodeIgniter\CodeIgniter->handleRequest(NULL, Object(Config\Cache), false)
#8 C:\xampp\htdocs\themindsmith\index.php(37): CodeIgniter\CodeIgniter->run()
#9 {main}
CRITICAL - 2022-04-22 02:43:34 --> Undefined array key "id"
#0 C:\xampp\htdocs\themindsmith\app\Views\admin\application\doctors_list.php(53): CodeIgniter\Debug\Exceptions->errorHandler(2, 'Undefined array...', 'C:\\xampp\\htdocs...', 53)
#1 C:\xampp\htdocs\themindsmith\system\View\View.php(214): include('C:\\xampp\\htdocs...')
#2 C:\xampp\htdocs\themindsmith\system\View\View.php(217): CodeIgniter\View\View->CodeIgniter\View\{closure}()
#3 C:\xampp\htdocs\themindsmith\system\Common.php(1092): CodeIgniter\View\View->render('/admin/applicat...', Array, true)
#4 C:\xampp\htdocs\themindsmith\app\Controllers\Doctor_controller.php(87): view('/admin/applicat...', Array)
#5 C:\xampp\htdocs\themindsmith\system\CodeIgniter.php(802): App\Controllers\Doctor_controller->doc_list()
#6 C:\xampp\htdocs\themindsmith\system\CodeIgniter.php(399): CodeIgniter\CodeIgniter->runController(Object(App\Controllers\Doctor_controller))
#7 C:\xampp\htdocs\themindsmith\system\CodeIgniter.php(317): CodeIgniter\CodeIgniter->handleRequest(NULL, Object(Config\Cache), false)
#8 C:\xampp\htdocs\themindsmith\index.php(37): CodeIgniter\CodeIgniter->run()
#9 {main}
CRITICAL - 2022-04-22 03:44:48 --> Undefined array key "user_name"
#0 C:\xampp\htdocs\themindsmith\app\Views\admin\application\article_list.php(49): CodeIgniter\Debug\Exceptions->errorHandler(2, 'Undefined array...', 'C:\\xampp\\htdocs...', 49)
#1 C:\xampp\htdocs\themindsmith\system\View\View.php(214): include('C:\\xampp\\htdocs...')
#2 C:\xampp\htdocs\themindsmith\system\View\View.php(217): CodeIgniter\View\View->CodeIgniter\View\{closure}()
#3 C:\xampp\htdocs\themindsmith\system\Common.php(1092): CodeIgniter\View\View->render('/admin/applicat...', Array, true)
#4 C:\xampp\htdocs\themindsmith\app\Controllers\Articles_controller.php(77): view('/admin/applicat...', Array)
#5 C:\xampp\htdocs\themindsmith\system\CodeIgniter.php(802): App\Controllers\Articles_controller->article_list()
#6 C:\xampp\htdocs\themindsmith\system\CodeIgniter.php(399): CodeIgniter\CodeIgniter->runController(Object(App\Controllers\Articles_controller))
#7 C:\xampp\htdocs\themindsmith\system\CodeIgniter.php(317): CodeIgniter\CodeIgniter->handleRequest(NULL, Object(Config\Cache), false)
#8 C:\xampp\htdocs\themindsmith\index.php(37): CodeIgniter\CodeIgniter->run()
#9 {main}
CRITICAL - 2022-04-22 03:45:24 --> Undefined array key "user_name"
#0 C:\xampp\htdocs\themindsmith\app\Views\admin\application\article_list.php(49): CodeIgniter\Debug\Exceptions->errorHandler(2, 'Undefined array...', 'C:\\xampp\\htdocs...', 49)
#1 C:\xampp\htdocs\themindsmith\system\View\View.php(214): include('C:\\xampp\\htdocs...')
#2 C:\xampp\htdocs\themindsmith\system\View\View.php(217): CodeIgniter\View\View->CodeIgniter\View\{closure}()
#3 C:\xampp\htdocs\themindsmith\system\Common.php(1092): CodeIgniter\View\View->render('/admin/applicat...', Array, true)
#4 C:\xampp\htdocs\themindsmith\app\Controllers\Articles_controller.php(77): view('/admin/applicat...', Array)
#5 C:\xampp\htdocs\themindsmith\system\CodeIgniter.php(802): App\Controllers\Articles_controller->article_list()
#6 C:\xampp\htdocs\themindsmith\system\CodeIgniter.php(399): CodeIgniter\CodeIgniter->runController(Object(App\Controllers\Articles_controller))
#7 C:\xampp\htdocs\themindsmith\system\CodeIgniter.php(317): CodeIgniter\CodeIgniter->handleRequest(NULL, Object(Config\Cache), false)
#8 C:\xampp\htdocs\themindsmith\index.php(37): CodeIgniter\CodeIgniter->run()
#9 {main}
