ERROR - 2022-04-27 01:57:07 --> Error connecting to the database: No connection could be made because the target machine actively refused it
CRITICAL - 2022-04-27 01:57:07 --> Unable to connect to the database.
Main connection [MySQLi]: No connection could be made because the target machine actively refused it
#0 C:\xampp\htdocs\themindsmith\system\Database\BaseConnection.php(570): CodeIgniter\Database\BaseConnection->initialize()
#1 C:\xampp\htdocs\themindsmith\system\Database\BaseBuilder.php(1428): CodeIgniter\Database\BaseConnection->query('SELECT *\nFROM `...', Array, false)
#2 C:\xampp\htdocs\themindsmith\system\Model.php(210): CodeIgniter\Database\BaseBuilder->get()
#3 C:\xampp\htdocs\themindsmith\system\BaseModel.php(622): CodeIgniter\Model->doFirst()
#4 C:\xampp\htdocs\themindsmith\app\Controllers\Admin_controller.php(24): CodeIgniter\BaseModel->first()
#5 C:\xampp\htdocs\themindsmith\system\CodeIgniter.php(802): App\Controllers\Admin_controller->loginAuth()
#6 C:\xampp\htdocs\themindsmith\system\CodeIgniter.php(399): CodeIgniter\CodeIgniter->runController(Object(App\Controllers\Admin_controller))
#7 C:\xampp\htdocs\themindsmith\system\CodeIgniter.php(317): CodeIgniter\CodeIgniter->handleRequest(NULL, Object(Config\Cache), false)
#8 C:\xampp\htdocs\themindsmith\index.php(37): CodeIgniter\CodeIgniter->run()
#9 {main}
ERROR - 2022-04-27 01:57:28 --> Error connecting to the database: No connection could be made because the target machine actively refused it
CRITICAL - 2022-04-27 01:57:28 --> Unable to connect to the database.
Main connection [MySQLi]: No connection could be made because the target machine actively refused it
#0 C:\xampp\htdocs\themindsmith\system\Database\BaseConnection.php(570): CodeIgniter\Database\BaseConnection->initialize()
#1 C:\xampp\htdocs\themindsmith\system\Database\BaseBuilder.php(1428): CodeIgniter\Database\BaseConnection->query('SELECT *\nFROM `...', Array, false)
#2 C:\xampp\htdocs\themindsmith\system\Model.php(210): CodeIgniter\Database\BaseBuilder->get()
#3 C:\xampp\htdocs\themindsmith\system\BaseModel.php(622): CodeIgniter\Model->doFirst()
#4 C:\xampp\htdocs\themindsmith\app\Controllers\Admin_controller.php(24): CodeIgniter\BaseModel->first()
#5 C:\xampp\htdocs\themindsmith\system\CodeIgniter.php(802): App\Controllers\Admin_controller->loginAuth()
#6 C:\xampp\htdocs\themindsmith\system\CodeIgniter.php(399): CodeIgniter\CodeIgniter->runController(Object(App\Controllers\Admin_controller))
#7 C:\xampp\htdocs\themindsmith\system\CodeIgniter.php(317): CodeIgniter\CodeIgniter->handleRequest(NULL, Object(Config\Cache), false)
#8 C:\xampp\htdocs\themindsmith\index.php(37): CodeIgniter\CodeIgniter->run()
#9 {main}
CRITICAL - 2022-04-27 02:38:02 --> Call to a member function getValue() on null
#0 C:\xampp\htdocs\themindsmith\system\CodeIgniter.php(802): App\Controllers\Userapi_controller->readUser()
#1 C:\xampp\htdocs\themindsmith\system\CodeIgniter.php(399): CodeIgniter\CodeIgniter->runController(Object(App\Controllers\Userapi_controller))
#2 C:\xampp\htdocs\themindsmith\system\CodeIgniter.php(317): CodeIgniter\CodeIgniter->handleRequest(NULL, Object(Config\Cache), false)
#3 C:\xampp\htdocs\themindsmith\index.php(37): CodeIgniter\CodeIgniter->run()
#4 {main}
CRITICAL - 2022-04-27 02:38:27 --> Undefined variable $null
#0 C:\xampp\htdocs\themindsmith\app\Controllers\Userapi_controller.php(142): CodeIgniter\Debug\Exceptions->errorHandler(2, 'Undefined varia...', 'C:\\xampp\\htdocs...', 142)
#1 C:\xampp\htdocs\themindsmith\system\CodeIgniter.php(802): App\Controllers\Userapi_controller->getuser()
#2 C:\xampp\htdocs\themindsmith\system\CodeIgniter.php(399): CodeIgniter\CodeIgniter->runController(Object(App\Controllers\Userapi_controller))
#3 C:\xampp\htdocs\themindsmith\system\CodeIgniter.php(317): CodeIgniter\CodeIgniter->handleRequest(NULL, Object(Config\Cache), false)
#4 C:\xampp\htdocs\themindsmith\index.php(37): CodeIgniter\CodeIgniter->run()
#5 {main}
