CRITICAL - 2022-04-21 05:40:47 --> Invalid file: admin/add_Articles.php
#0 C:\xampp\htdocs\themindsmith\system\View\View.php(198): CodeIgniter\Exceptions\FrameworkException::forInvalidFile('admin/add_Artic...')
#1 C:\xampp\htdocs\themindsmith\system\Common.php(1092): CodeIgniter\View\View->render('admin/add_Artic...', Array, true)
#2 C:\xampp\htdocs\themindsmith\app\Controllers\Articles_controller.php(13): view('admin/add_Artic...')
#3 C:\xampp\htdocs\themindsmith\system\CodeIgniter.php(802): App\Controllers\Articles_controller->index()
#4 C:\xampp\htdocs\themindsmith\system\CodeIgniter.php(399): CodeIgniter\CodeIgniter->runController(Object(App\Controllers\Articles_controller))
#5 C:\xampp\htdocs\themindsmith\system\CodeIgniter.php(317): CodeIgniter\CodeIgniter->handleRequest(NULL, Object(Config\Cache), false)
#6 C:\xampp\htdocs\themindsmith\index.php(37): CodeIgniter\CodeIgniter->run()
#7 {main}
ERROR - 2022-04-21 06:56:00 --> Unknown column 'id' in 'where clause'
CRITICAL - 2022-04-21 06:56:00 --> Unknown column 'id' in 'where clause'
#0 C:\xampp\htdocs\themindsmith\system\Database\MySQLi\Connection.php(280): mysqli->query('SELECT COUNT(*)...')
#1 C:\xampp\htdocs\themindsmith\system\Database\BaseConnection.php(663): CodeIgniter\Database\MySQLi\Connection->execute('SELECT COUNT(*)...')
#2 C:\xampp\htdocs\themindsmith\system\Database\BaseConnection.php(591): CodeIgniter\Database\BaseConnection->simpleQuery('SELECT COUNT(*)...')
#3 C:\xampp\htdocs\themindsmith\system\Database\BaseBuilder.php(1512): CodeIgniter\Database\BaseConnection->query('SELECT COUNT(*)...', Array, false)
#4 C:\xampp\htdocs\themindsmith\system\Model.php(509): CodeIgniter\Database\BaseBuilder->countAllResults(true)
#5 C:\xampp\htdocs\themindsmith\system\Model.php(592): CodeIgniter\Model->countAllResults()
#6 C:\xampp\htdocs\themindsmith\system\BaseModel.php(655): CodeIgniter\Model->shouldUpdate(Array)
#7 C:\xampp\htdocs\themindsmith\app\Controllers\User_controller.php(39): CodeIgniter\BaseModel->save(Array)
#8 C:\xampp\htdocs\themindsmith\system\CodeIgniter.php(802): App\Controllers\User_controller->add_user()
#9 C:\xampp\htdocs\themindsmith\system\CodeIgniter.php(399): CodeIgniter\CodeIgniter->runController(Object(App\Controllers\User_controller))
#10 C:\xampp\htdocs\themindsmith\system\CodeIgniter.php(317): CodeIgniter\CodeIgniter->handleRequest(NULL, Object(Config\Cache), false)
#11 C:\xampp\htdocs\themindsmith\index.php(37): CodeIgniter\CodeIgniter->run()
#12 {main}
ERROR - 2022-04-21 06:59:23 --> Unknown column 'id' in 'where clause'
CRITICAL - 2022-04-21 06:59:23 --> Unknown column 'id' in 'where clause'
#0 C:\xampp\htdocs\themindsmith\system\Database\MySQLi\Connection.php(280): mysqli->query('SELECT COUNT(*)...')
#1 C:\xampp\htdocs\themindsmith\system\Database\BaseConnection.php(663): CodeIgniter\Database\MySQLi\Connection->execute('SELECT COUNT(*)...')
#2 C:\xampp\htdocs\themindsmith\system\Database\BaseConnection.php(591): CodeIgniter\Database\BaseConnection->simpleQuery('SELECT COUNT(*)...')
#3 C:\xampp\htdocs\themindsmith\system\Database\BaseBuilder.php(1512): CodeIgniter\Database\BaseConnection->query('SELECT COUNT(*)...', Array, false)
#4 C:\xampp\htdocs\themindsmith\system\Model.php(509): CodeIgniter\Database\BaseBuilder->countAllResults(true)
#5 C:\xampp\htdocs\themindsmith\system\Model.php(592): CodeIgniter\Model->countAllResults()
#6 C:\xampp\htdocs\themindsmith\system\BaseModel.php(655): CodeIgniter\Model->shouldUpdate(Array)
#7 C:\xampp\htdocs\themindsmith\app\Controllers\User_controller.php(39): CodeIgniter\BaseModel->save(Array)
#8 C:\xampp\htdocs\themindsmith\system\CodeIgniter.php(802): App\Controllers\User_controller->add_user()
#9 C:\xampp\htdocs\themindsmith\system\CodeIgniter.php(399): CodeIgniter\CodeIgniter->runController(Object(App\Controllers\User_controller))
#10 C:\xampp\htdocs\themindsmith\system\CodeIgniter.php(317): CodeIgniter\CodeIgniter->handleRequest(NULL, Object(Config\Cache), false)
#11 C:\xampp\htdocs\themindsmith\index.php(37): CodeIgniter\CodeIgniter->run()
#12 {main}
ERROR - 2022-04-21 07:02:53 --> Unknown column 'id' in 'where clause'
CRITICAL - 2022-04-21 07:02:53 --> Unknown column 'id' in 'where clause'
#0 C:\xampp\htdocs\themindsmith\system\Database\MySQLi\Connection.php(280): mysqli->query('SELECT COUNT(*)...')
#1 C:\xampp\htdocs\themindsmith\system\Database\BaseConnection.php(663): CodeIgniter\Database\MySQLi\Connection->execute('SELECT COUNT(*)...')
#2 C:\xampp\htdocs\themindsmith\system\Database\BaseConnection.php(591): CodeIgniter\Database\BaseConnection->simpleQuery('SELECT COUNT(*)...')
#3 C:\xampp\htdocs\themindsmith\system\Database\BaseBuilder.php(1512): CodeIgniter\Database\BaseConnection->query('SELECT COUNT(*)...', Array, false)
#4 C:\xampp\htdocs\themindsmith\system\Model.php(509): CodeIgniter\Database\BaseBuilder->countAllResults(true)
#5 C:\xampp\htdocs\themindsmith\system\Model.php(592): CodeIgniter\Model->countAllResults()
#6 C:\xampp\htdocs\themindsmith\system\BaseModel.php(655): CodeIgniter\Model->shouldUpdate(Array)
#7 C:\xampp\htdocs\themindsmith\app\Controllers\User_controller.php(41): CodeIgniter\BaseModel->save(Array)
#8 C:\xampp\htdocs\themindsmith\system\CodeIgniter.php(802): App\Controllers\User_controller->add_user()
#9 C:\xampp\htdocs\themindsmith\system\CodeIgniter.php(399): CodeIgniter\CodeIgniter->runController(Object(App\Controllers\User_controller))
#10 C:\xampp\htdocs\themindsmith\system\CodeIgniter.php(317): CodeIgniter\CodeIgniter->handleRequest(NULL, Object(Config\Cache), false)
#11 C:\xampp\htdocs\themindsmith\index.php(37): CodeIgniter\CodeIgniter->run()
#12 {main}
ERROR - 2022-04-21 07:04:04 --> Unknown column 'id' in 'where clause'
CRITICAL - 2022-04-21 07:04:04 --> Unknown column 'id' in 'where clause'
#0 C:\xampp\htdocs\themindsmith\system\Database\MySQLi\Connection.php(280): mysqli->query('SELECT COUNT(*)...')
#1 C:\xampp\htdocs\themindsmith\system\Database\BaseConnection.php(663): CodeIgniter\Database\MySQLi\Connection->execute('SELECT COUNT(*)...')
#2 C:\xampp\htdocs\themindsmith\system\Database\BaseConnection.php(591): CodeIgniter\Database\BaseConnection->simpleQuery('SELECT COUNT(*)...')
#3 C:\xampp\htdocs\themindsmith\system\Database\BaseBuilder.php(1512): CodeIgniter\Database\BaseConnection->query('SELECT COUNT(*)...', Array, false)
#4 C:\xampp\htdocs\themindsmith\system\Model.php(509): CodeIgniter\Database\BaseBuilder->countAllResults(true)
#5 C:\xampp\htdocs\themindsmith\system\Model.php(592): CodeIgniter\Model->countAllResults()
#6 C:\xampp\htdocs\themindsmith\system\BaseModel.php(655): CodeIgniter\Model->shouldUpdate(Array)
#7 C:\xampp\htdocs\themindsmith\app\Controllers\User_controller.php(41): CodeIgniter\BaseModel->save(Array)
#8 C:\xampp\htdocs\themindsmith\system\CodeIgniter.php(802): App\Controllers\User_controller->add_user()
#9 C:\xampp\htdocs\themindsmith\system\CodeIgniter.php(399): CodeIgniter\CodeIgniter->runController(Object(App\Controllers\User_controller))
#10 C:\xampp\htdocs\themindsmith\system\CodeIgniter.php(317): CodeIgniter\CodeIgniter->handleRequest(NULL, Object(Config\Cache), false)
#11 C:\xampp\htdocs\themindsmith\index.php(37): CodeIgniter\CodeIgniter->run()
#12 {main}
CRITICAL - 2022-04-21 23:16:02 --> required|min_length is not a valid rule.
#0 C:\xampp\htdocs\themindsmith\system\Validation\Validation.php(285): CodeIgniter\Validation\Exceptions\ValidationException::forRuleNotFound('required|min_le...')
#1 C:\xampp\htdocs\themindsmith\system\Validation\Validation.php(151): CodeIgniter\Validation\Validation->processRules('doctor_name', 'doctor_name', '', Array, Array)
#2 C:\xampp\htdocs\themindsmith\system\Controller.php(160): CodeIgniter\Validation\Validation->run()
#3 C:\xampp\htdocs\themindsmith\app\Controllers\Doctor_controller.php(24): CodeIgniter\Controller->validate(Array)
#4 C:\xampp\htdocs\themindsmith\system\CodeIgniter.php(802): App\Controllers\Doctor_controller->add_doctors()
#5 C:\xampp\htdocs\themindsmith\system\CodeIgniter.php(399): CodeIgniter\CodeIgniter->runController(Object(App\Controllers\Doctor_controller))
#6 C:\xampp\htdocs\themindsmith\system\CodeIgniter.php(317): CodeIgniter\CodeIgniter->handleRequest(NULL, Object(Config\Cache), false)
#7 C:\xampp\htdocs\themindsmith\index.php(37): CodeIgniter\CodeIgniter->run()
#8 {main}
CRITICAL - 2022-04-21 23:16:19 --> required|min_length is not a valid rule.
#0 C:\xampp\htdocs\themindsmith\system\Validation\Validation.php(285): CodeIgniter\Validation\Exceptions\ValidationException::forRuleNotFound('required|min_le...')
#1 C:\xampp\htdocs\themindsmith\system\Validation\Validation.php(151): CodeIgniter\Validation\Validation->processRules('doctor_name', 'doctor_name', '', Array, Array)
#2 C:\xampp\htdocs\themindsmith\system\Controller.php(160): CodeIgniter\Validation\Validation->run()
#3 C:\xampp\htdocs\themindsmith\app\Controllers\Doctor_controller.php(24): CodeIgniter\Controller->validate(Array)
#4 C:\xampp\htdocs\themindsmith\system\CodeIgniter.php(802): App\Controllers\Doctor_controller->add_doctors()
#5 C:\xampp\htdocs\themindsmith\system\CodeIgniter.php(399): CodeIgniter\CodeIgniter->runController(Object(App\Controllers\Doctor_controller))
#6 C:\xampp\htdocs\themindsmith\system\CodeIgniter.php(317): CodeIgniter\CodeIgniter->handleRequest(NULL, Object(Config\Cache), false)
#7 C:\xampp\htdocs\themindsmith\index.php(37): CodeIgniter\CodeIgniter->run()
#8 {main}
CRITICAL - 2022-04-21 23:17:03 --> require is not a valid rule.
#0 C:\xampp\htdocs\themindsmith\system\Validation\Validation.php(285): CodeIgniter\Validation\Exceptions\ValidationException::forRuleNotFound('require')
#1 C:\xampp\htdocs\themindsmith\system\Validation\Validation.php(151): CodeIgniter\Validation\Validation->processRules('doctor_fee', 'doctor_fee', '', Array, Array)
#2 C:\xampp\htdocs\themindsmith\system\Controller.php(160): CodeIgniter\Validation\Validation->run()
#3 C:\xampp\htdocs\themindsmith\app\Controllers\Doctor_controller.php(24): CodeIgniter\Controller->validate(Array)
#4 C:\xampp\htdocs\themindsmith\system\CodeIgniter.php(802): App\Controllers\Doctor_controller->add_doctors()
#5 C:\xampp\htdocs\themindsmith\system\CodeIgniter.php(399): CodeIgniter\CodeIgniter->runController(Object(App\Controllers\Doctor_controller))
#6 C:\xampp\htdocs\themindsmith\system\CodeIgniter.php(317): CodeIgniter\CodeIgniter->handleRequest(NULL, Object(Config\Cache), false)
#7 C:\xampp\htdocs\themindsmith\index.php(37): CodeIgniter\CodeIgniter->run()
#8 {main}
CRITICAL - 2022-04-21 23:18:22 --> require is not a valid rule.
#0 C:\xampp\htdocs\themindsmith\system\Validation\Validation.php(285): CodeIgniter\Validation\Exceptions\ValidationException::forRuleNotFound('require')
#1 C:\xampp\htdocs\themindsmith\system\Validation\Validation.php(151): CodeIgniter\Validation\Validation->processRules('doctor_fee', 'doctor_fee', '', Array, Array)
#2 C:\xampp\htdocs\themindsmith\system\Controller.php(160): CodeIgniter\Validation\Validation->run()
#3 C:\xampp\htdocs\themindsmith\app\Controllers\Doctor_controller.php(24): CodeIgniter\Controller->validate(Array)
#4 C:\xampp\htdocs\themindsmith\system\CodeIgniter.php(802): App\Controllers\Doctor_controller->add_doctors()
#5 C:\xampp\htdocs\themindsmith\system\CodeIgniter.php(399): CodeIgniter\CodeIgniter->runController(Object(App\Controllers\Doctor_controller))
#6 C:\xampp\htdocs\themindsmith\system\CodeIgniter.php(317): CodeIgniter\CodeIgniter->handleRequest(NULL, Object(Config\Cache), false)
#7 C:\xampp\htdocs\themindsmith\index.php(37): CodeIgniter\CodeIgniter->run()
#8 {main}
CRITICAL - 2022-04-21 23:28:34 --> require is not a valid rule.
#0 C:\xampp\htdocs\themindsmith\system\Validation\Validation.php(285): CodeIgniter\Validation\Exceptions\ValidationException::forRuleNotFound('require')
#1 C:\xampp\htdocs\themindsmith\system\Validation\Validation.php(151): CodeIgniter\Validation\Validation->processRules('doctor_fee', 'doctor_fee', '', Array, Array)
#2 C:\xampp\htdocs\themindsmith\system\Controller.php(160): CodeIgniter\Validation\Validation->run()
#3 C:\xampp\htdocs\themindsmith\app\Controllers\Doctor_controller.php(39): CodeIgniter\Controller->validate(Array)
#4 C:\xampp\htdocs\themindsmith\system\CodeIgniter.php(802): App\Controllers\Doctor_controller->add_doctors()
#5 C:\xampp\htdocs\themindsmith\system\CodeIgniter.php(399): CodeIgniter\CodeIgniter->runController(Object(App\Controllers\Doctor_controller))
#6 C:\xampp\htdocs\themindsmith\system\CodeIgniter.php(317): CodeIgniter\CodeIgniter->handleRequest(NULL, Object(Config\Cache), false)
#7 C:\xampp\htdocs\themindsmith\index.php(37): CodeIgniter\CodeIgniter->run()
#8 {main}
CRITICAL - 2022-04-21 23:37:57 --> require is not a valid rule.
#0 C:\xampp\htdocs\themindsmith\system\Validation\Validation.php(285): CodeIgniter\Validation\Exceptions\ValidationException::forRuleNotFound('require')
#1 C:\xampp\htdocs\themindsmith\system\Validation\Validation.php(151): CodeIgniter\Validation\Validation->processRules('doctor_fee', 'doctor_fee', '', Array, Array)
#2 C:\xampp\htdocs\themindsmith\system\Controller.php(160): CodeIgniter\Validation\Validation->run()
#3 C:\xampp\htdocs\themindsmith\app\Controllers\Doctor_controller.php(39): CodeIgniter\Controller->validate(Array)
#4 C:\xampp\htdocs\themindsmith\system\CodeIgniter.php(802): App\Controllers\Doctor_controller->add_doctors()
#5 C:\xampp\htdocs\themindsmith\system\CodeIgniter.php(399): CodeIgniter\CodeIgniter->runController(Object(App\Controllers\Doctor_controller))
#6 C:\xampp\htdocs\themindsmith\system\CodeIgniter.php(317): CodeIgniter\CodeIgniter->handleRequest(NULL, Object(Config\Cache), false)
#7 C:\xampp\htdocs\themindsmith\index.php(37): CodeIgniter\CodeIgniter->run()
#8 {main}
CRITICAL - 2022-04-21 23:38:03 --> require is not a valid rule.
#0 C:\xampp\htdocs\themindsmith\system\Validation\Validation.php(285): CodeIgniter\Validation\Exceptions\ValidationException::forRuleNotFound('require')
#1 C:\xampp\htdocs\themindsmith\system\Validation\Validation.php(151): CodeIgniter\Validation\Validation->processRules('doctor_fee', 'doctor_fee', '', Array, Array)
#2 C:\xampp\htdocs\themindsmith\system\Controller.php(160): CodeIgniter\Validation\Validation->run()
#3 C:\xampp\htdocs\themindsmith\app\Controllers\Doctor_controller.php(39): CodeIgniter\Controller->validate(Array)
#4 C:\xampp\htdocs\themindsmith\system\CodeIgniter.php(802): App\Controllers\Doctor_controller->add_doctors()
#5 C:\xampp\htdocs\themindsmith\system\CodeIgniter.php(399): CodeIgniter\CodeIgniter->runController(Object(App\Controllers\Doctor_controller))
#6 C:\xampp\htdocs\themindsmith\system\CodeIgniter.php(317): CodeIgniter\CodeIgniter->handleRequest(NULL, Object(Config\Cache), false)
#7 C:\xampp\htdocs\themindsmith\index.php(37): CodeIgniter\CodeIgniter->run()
#8 {main}
CRITICAL - 2022-04-21 23:38:51 --> require is not a valid rule.
#0 C:\xampp\htdocs\themindsmith\system\Validation\Validation.php(285): CodeIgniter\Validation\Exceptions\ValidationException::forRuleNotFound('require')
#1 C:\xampp\htdocs\themindsmith\system\Validation\Validation.php(151): CodeIgniter\Validation\Validation->processRules('doctor_fee', 'doctor_fee', '', Array, Array)
#2 C:\xampp\htdocs\themindsmith\system\Controller.php(160): CodeIgniter\Validation\Validation->run()
#3 C:\xampp\htdocs\themindsmith\app\Controllers\Doctor_controller.php(39): CodeIgniter\Controller->validate(Array)
#4 C:\xampp\htdocs\themindsmith\system\CodeIgniter.php(802): App\Controllers\Doctor_controller->add_doctors()
#5 C:\xampp\htdocs\themindsmith\system\CodeIgniter.php(399): CodeIgniter\CodeIgniter->runController(Object(App\Controllers\Doctor_controller))
#6 C:\xampp\htdocs\themindsmith\system\CodeIgniter.php(317): CodeIgniter\CodeIgniter->handleRequest(NULL, Object(Config\Cache), false)
#7 C:\xampp\htdocs\themindsmith\index.php(37): CodeIgniter\CodeIgniter->run()
#8 {main}
CRITICAL - 2022-04-21 23:40:18 --> require is not a valid rule.
#0 C:\xampp\htdocs\themindsmith\system\Validation\Validation.php(285): CodeIgniter\Validation\Exceptions\ValidationException::forRuleNotFound('require')
#1 C:\xampp\htdocs\themindsmith\system\Validation\Validation.php(151): CodeIgniter\Validation\Validation->processRules('doctor_fee', 'doctor_fee', 'kwkeebfkj', Array, Array)
#2 C:\xampp\htdocs\themindsmith\system\Controller.php(160): CodeIgniter\Validation\Validation->run()
#3 C:\xampp\htdocs\themindsmith\app\Controllers\Doctor_controller.php(39): CodeIgniter\Controller->validate(Array)
#4 C:\xampp\htdocs\themindsmith\system\CodeIgniter.php(802): App\Controllers\Doctor_controller->add_doctors()
#5 C:\xampp\htdocs\themindsmith\system\CodeIgniter.php(399): CodeIgniter\CodeIgniter->runController(Object(App\Controllers\Doctor_controller))
#6 C:\xampp\htdocs\themindsmith\system\CodeIgniter.php(317): CodeIgniter\CodeIgniter->handleRequest(NULL, Object(Config\Cache), false)
#7 C:\xampp\htdocs\themindsmith\index.php(37): CodeIgniter\CodeIgniter->run()
#8 {main}
CRITICAL - 2022-04-21 23:40:43 --> require is not a valid rule.
#0 C:\xampp\htdocs\themindsmith\system\Validation\Validation.php(285): CodeIgniter\Validation\Exceptions\ValidationException::forRuleNotFound('require')
#1 C:\xampp\htdocs\themindsmith\system\Validation\Validation.php(151): CodeIgniter\Validation\Validation->processRules('doctor_fee', 'doctor_fee', '', Array, Array)
#2 C:\xampp\htdocs\themindsmith\system\Controller.php(160): CodeIgniter\Validation\Validation->run()
#3 C:\xampp\htdocs\themindsmith\app\Controllers\Doctor_controller.php(39): CodeIgniter\Controller->validate(Array)
#4 C:\xampp\htdocs\themindsmith\system\CodeIgniter.php(802): App\Controllers\Doctor_controller->add_doctors()
#5 C:\xampp\htdocs\themindsmith\system\CodeIgniter.php(399): CodeIgniter\CodeIgniter->runController(Object(App\Controllers\Doctor_controller))
#6 C:\xampp\htdocs\themindsmith\system\CodeIgniter.php(317): CodeIgniter\CodeIgniter->handleRequest(NULL, Object(Config\Cache), false)
#7 C:\xampp\htdocs\themindsmith\index.php(37): CodeIgniter\CodeIgniter->run()
#8 {main}
CRITICAL - 2022-04-21 23:41:26 --> require is not a valid rule.
#0 C:\xampp\htdocs\themindsmith\system\Validation\Validation.php(285): CodeIgniter\Validation\Exceptions\ValidationException::forRuleNotFound('require')
#1 C:\xampp\htdocs\themindsmith\system\Validation\Validation.php(151): CodeIgniter\Validation\Validation->processRules('doctor_fee', 'doctor_fee', '', Array, Array)
#2 C:\xampp\htdocs\themindsmith\system\Controller.php(160): CodeIgniter\Validation\Validation->run()
#3 C:\xampp\htdocs\themindsmith\app\Controllers\Doctor_controller.php(39): CodeIgniter\Controller->validate(Array)
#4 C:\xampp\htdocs\themindsmith\system\CodeIgniter.php(802): App\Controllers\Doctor_controller->add_doctors()
#5 C:\xampp\htdocs\themindsmith\system\CodeIgniter.php(399): CodeIgniter\CodeIgniter->runController(Object(App\Controllers\Doctor_controller))
#6 C:\xampp\htdocs\themindsmith\system\CodeIgniter.php(317): CodeIgniter\CodeIgniter->handleRequest(NULL, Object(Config\Cache), false)
#7 C:\xampp\htdocs\themindsmith\index.php(37): CodeIgniter\CodeIgniter->run()
#8 {main}
CRITICAL - 2022-04-21 23:41:35 --> require is not a valid rule.
#0 C:\xampp\htdocs\themindsmith\system\Validation\Validation.php(285): CodeIgniter\Validation\Exceptions\ValidationException::forRuleNotFound('require')
#1 C:\xampp\htdocs\themindsmith\system\Validation\Validation.php(151): CodeIgniter\Validation\Validation->processRules('doctor_fee', 'doctor_fee', '', Array, Array)
#2 C:\xampp\htdocs\themindsmith\system\Controller.php(160): CodeIgniter\Validation\Validation->run()
#3 C:\xampp\htdocs\themindsmith\app\Controllers\Doctor_controller.php(39): CodeIgniter\Controller->validate(Array)
#4 C:\xampp\htdocs\themindsmith\system\CodeIgniter.php(802): App\Controllers\Doctor_controller->add_doctors()
#5 C:\xampp\htdocs\themindsmith\system\CodeIgniter.php(399): CodeIgniter\CodeIgniter->runController(Object(App\Controllers\Doctor_controller))
#6 C:\xampp\htdocs\themindsmith\system\CodeIgniter.php(317): CodeIgniter\CodeIgniter->handleRequest(NULL, Object(Config\Cache), false)
#7 C:\xampp\htdocs\themindsmith\index.php(37): CodeIgniter\CodeIgniter->run()
#8 {main}
CRITICAL - 2022-04-21 23:42:13 --> Call to undefined method CodeIgniter\Router\Router::validate()
#0 C:\xampp\htdocs\themindsmith\system\Router\Router.php(491): include_once()
#1 C:\xampp\htdocs\themindsmith\system\Router\Router.php(160): CodeIgniter\Router\Router->autoRoute('User_controller')
#2 C:\xampp\htdocs\themindsmith\system\CodeIgniter.php(702): CodeIgniter\Router\Router->handle('User_controller')
#3 C:\xampp\htdocs\themindsmith\system\CodeIgniter.php(358): CodeIgniter\CodeIgniter->tryToRouteIt(Object(CodeIgniter\Router\RouteCollection))
#4 C:\xampp\htdocs\themindsmith\system\CodeIgniter.php(317): CodeIgniter\CodeIgniter->handleRequest(NULL, Object(Config\Cache), false)
#5 C:\xampp\htdocs\themindsmith\index.php(37): CodeIgniter\CodeIgniter->run()
#6 {main}
CRITICAL - 2022-04-21 23:42:24 --> Call to undefined method CodeIgniter\Router\Router::validate()
#0 C:\xampp\htdocs\themindsmith\system\Router\Router.php(491): include_once()
#1 C:\xampp\htdocs\themindsmith\system\Router\Router.php(160): CodeIgniter\Router\Router->autoRoute('User_controller')
#2 C:\xampp\htdocs\themindsmith\system\CodeIgniter.php(702): CodeIgniter\Router\Router->handle('User_controller')
#3 C:\xampp\htdocs\themindsmith\system\CodeIgniter.php(358): CodeIgniter\CodeIgniter->tryToRouteIt(Object(CodeIgniter\Router\RouteCollection))
#4 C:\xampp\htdocs\themindsmith\system\CodeIgniter.php(317): CodeIgniter\CodeIgniter->handleRequest(NULL, Object(Config\Cache), false)
#5 C:\xampp\htdocs\themindsmith\index.php(37): CodeIgniter\CodeIgniter->run()
#6 {main}
CRITICAL - 2022-04-21 23:43:20 --> Call to undefined method CodeIgniter\Router\Router::validate()
#0 C:\xampp\htdocs\themindsmith\system\Router\Router.php(491): include_once()
#1 C:\xampp\htdocs\themindsmith\system\Router\Router.php(160): CodeIgniter\Router\Router->autoRoute('User_controller')
#2 C:\xampp\htdocs\themindsmith\system\CodeIgniter.php(702): CodeIgniter\Router\Router->handle('User_controller')
#3 C:\xampp\htdocs\themindsmith\system\CodeIgniter.php(358): CodeIgniter\CodeIgniter->tryToRouteIt(Object(CodeIgniter\Router\RouteCollection))
#4 C:\xampp\htdocs\themindsmith\system\CodeIgniter.php(317): CodeIgniter\CodeIgniter->handleRequest(NULL, Object(Config\Cache), false)
#5 C:\xampp\htdocs\themindsmith\index.php(37): CodeIgniter\CodeIgniter->run()
#6 {main}
CRITICAL - 2022-04-21 23:44:00 --> require is not a valid rule.
#0 C:\xampp\htdocs\themindsmith\system\Validation\Validation.php(285): CodeIgniter\Validation\Exceptions\ValidationException::forRuleNotFound('require')
#1 C:\xampp\htdocs\themindsmith\system\Validation\Validation.php(151): CodeIgniter\Validation\Validation->processRules('doctor_fee', 'doctor_fee', '', Array, Array)
#2 C:\xampp\htdocs\themindsmith\system\Controller.php(160): CodeIgniter\Validation\Validation->run()
#3 C:\xampp\htdocs\themindsmith\app\Controllers\Doctor_controller.php(39): CodeIgniter\Controller->validate(Array)
#4 C:\xampp\htdocs\themindsmith\system\CodeIgniter.php(802): App\Controllers\Doctor_controller->add_doctors()
#5 C:\xampp\htdocs\themindsmith\system\CodeIgniter.php(399): CodeIgniter\CodeIgniter->runController(Object(App\Controllers\Doctor_controller))
#6 C:\xampp\htdocs\themindsmith\system\CodeIgniter.php(317): CodeIgniter\CodeIgniter->handleRequest(NULL, Object(Config\Cache), false)
#7 C:\xampp\htdocs\themindsmith\index.php(37): CodeIgniter\CodeIgniter->run()
#8 {main}
CRITICAL - 2022-04-21 23:47:44 --> require is not a valid rule.
#0 C:\xampp\htdocs\themindsmith\system\Validation\Validation.php(285): CodeIgniter\Validation\Exceptions\ValidationException::forRuleNotFound('require')
#1 C:\xampp\htdocs\themindsmith\system\Validation\Validation.php(151): CodeIgniter\Validation\Validation->processRules('doctor_fee', 'doctor_fee', '', Array, Array)
#2 C:\xampp\htdocs\themindsmith\system\Controller.php(160): CodeIgniter\Validation\Validation->run()
#3 C:\xampp\htdocs\themindsmith\app\Controllers\Doctor_controller.php(39): CodeIgniter\Controller->validate(Array)
#4 C:\xampp\htdocs\themindsmith\system\CodeIgniter.php(802): App\Controllers\Doctor_controller->add_doctors()
#5 C:\xampp\htdocs\themindsmith\system\CodeIgniter.php(399): CodeIgniter\CodeIgniter->runController(Object(App\Controllers\Doctor_controller))
#6 C:\xampp\htdocs\themindsmith\system\CodeIgniter.php(317): CodeIgniter\CodeIgniter->handleRequest(NULL, Object(Config\Cache), false)
#7 C:\xampp\htdocs\themindsmith\index.php(37): CodeIgniter\CodeIgniter->run()
#8 {main}
CRITICAL - 2022-04-21 23:47:48 --> require is not a valid rule.
#0 C:\xampp\htdocs\themindsmith\system\Validation\Validation.php(285): CodeIgniter\Validation\Exceptions\ValidationException::forRuleNotFound('require')
#1 C:\xampp\htdocs\themindsmith\system\Validation\Validation.php(151): CodeIgniter\Validation\Validation->processRules('doctor_fee', 'doctor_fee', '', Array, Array)
#2 C:\xampp\htdocs\themindsmith\system\Controller.php(160): CodeIgniter\Validation\Validation->run()
#3 C:\xampp\htdocs\themindsmith\app\Controllers\Doctor_controller.php(39): CodeIgniter\Controller->validate(Array)
#4 C:\xampp\htdocs\themindsmith\system\CodeIgniter.php(802): App\Controllers\Doctor_controller->add_doctors()
#5 C:\xampp\htdocs\themindsmith\system\CodeIgniter.php(399): CodeIgniter\CodeIgniter->runController(Object(App\Controllers\Doctor_controller))
#6 C:\xampp\htdocs\themindsmith\system\CodeIgniter.php(317): CodeIgniter\CodeIgniter->handleRequest(NULL, Object(Config\Cache), false)
#7 C:\xampp\htdocs\themindsmith\index.php(37): CodeIgniter\CodeIgniter->run()
#8 {main}
CRITICAL - 2022-04-21 23:48:18 --> require is not a valid rule.
#0 C:\xampp\htdocs\themindsmith\system\Validation\Validation.php(285): CodeIgniter\Validation\Exceptions\ValidationException::forRuleNotFound('require')
#1 C:\xampp\htdocs\themindsmith\system\Validation\Validation.php(151): CodeIgniter\Validation\Validation->processRules('doctor_fee', 'doctor_fee', '', Array, Array)
#2 C:\xampp\htdocs\themindsmith\system\Controller.php(160): CodeIgniter\Validation\Validation->run()
#3 C:\xampp\htdocs\themindsmith\app\Controllers\Doctor_controller.php(39): CodeIgniter\Controller->validate(Array)
#4 C:\xampp\htdocs\themindsmith\system\CodeIgniter.php(802): App\Controllers\Doctor_controller->add_doctors()
#5 C:\xampp\htdocs\themindsmith\system\CodeIgniter.php(399): CodeIgniter\CodeIgniter->runController(Object(App\Controllers\Doctor_controller))
#6 C:\xampp\htdocs\themindsmith\system\CodeIgniter.php(317): CodeIgniter\CodeIgniter->handleRequest(NULL, Object(Config\Cache), false)
#7 C:\xampp\htdocs\themindsmith\index.php(37): CodeIgniter\CodeIgniter->run()
#8 {main}
CRITICAL - 2022-04-21 23:48:28 --> require is not a valid rule.
#0 C:\xampp\htdocs\themindsmith\system\Validation\Validation.php(285): CodeIgniter\Validation\Exceptions\ValidationException::forRuleNotFound('require')
#1 C:\xampp\htdocs\themindsmith\system\Validation\Validation.php(151): CodeIgniter\Validation\Validation->processRules('doctor_fee', 'doctor_fee', '', Array, Array)
#2 C:\xampp\htdocs\themindsmith\system\Controller.php(160): CodeIgniter\Validation\Validation->run()
#3 C:\xampp\htdocs\themindsmith\app\Controllers\Doctor_controller.php(39): CodeIgniter\Controller->validate(Array)
#4 C:\xampp\htdocs\themindsmith\system\CodeIgniter.php(802): App\Controllers\Doctor_controller->add_doctors()
#5 C:\xampp\htdocs\themindsmith\system\CodeIgniter.php(399): CodeIgniter\CodeIgniter->runController(Object(App\Controllers\Doctor_controller))
#6 C:\xampp\htdocs\themindsmith\system\CodeIgniter.php(317): CodeIgniter\CodeIgniter->handleRequest(NULL, Object(Config\Cache), false)
#7 C:\xampp\htdocs\themindsmith\index.php(37): CodeIgniter\CodeIgniter->run()
#8 {main}
CRITICAL - 2022-04-21 23:51:53 --> require is not a valid rule.
#0 C:\xampp\htdocs\themindsmith\system\Validation\Validation.php(285): CodeIgniter\Validation\Exceptions\ValidationException::forRuleNotFound('require')
#1 C:\xampp\htdocs\themindsmith\system\Validation\Validation.php(151): CodeIgniter\Validation\Validation->processRules('doctor_fee', 'doctor_fee', '', Array, Array)
#2 C:\xampp\htdocs\themindsmith\system\Controller.php(160): CodeIgniter\Validation\Validation->run()
#3 C:\xampp\htdocs\themindsmith\app\Controllers\Doctor_controller.php(39): CodeIgniter\Controller->validate(Array)
#4 C:\xampp\htdocs\themindsmith\system\CodeIgniter.php(802): App\Controllers\Doctor_controller->add_doctors()
#5 C:\xampp\htdocs\themindsmith\system\CodeIgniter.php(399): CodeIgniter\CodeIgniter->runController(Object(App\Controllers\Doctor_controller))
#6 C:\xampp\htdocs\themindsmith\system\CodeIgniter.php(317): CodeIgniter\CodeIgniter->handleRequest(NULL, Object(Config\Cache), false)
#7 C:\xampp\htdocs\themindsmith\index.php(37): CodeIgniter\CodeIgniter->run()
#8 {main}
CRITICAL - 2022-04-21 23:52:00 --> require is not a valid rule.
#0 C:\xampp\htdocs\themindsmith\system\Validation\Validation.php(285): CodeIgniter\Validation\Exceptions\ValidationException::forRuleNotFound('require')
#1 C:\xampp\htdocs\themindsmith\system\Validation\Validation.php(151): CodeIgniter\Validation\Validation->processRules('doctor_fee', 'doctor_fee', '', Array, Array)
#2 C:\xampp\htdocs\themindsmith\system\Controller.php(160): CodeIgniter\Validation\Validation->run()
#3 C:\xampp\htdocs\themindsmith\app\Controllers\Doctor_controller.php(39): CodeIgniter\Controller->validate(Array)
#4 C:\xampp\htdocs\themindsmith\system\CodeIgniter.php(802): App\Controllers\Doctor_controller->add_doctors()
#5 C:\xampp\htdocs\themindsmith\system\CodeIgniter.php(399): CodeIgniter\CodeIgniter->runController(Object(App\Controllers\Doctor_controller))
#6 C:\xampp\htdocs\themindsmith\system\CodeIgniter.php(317): CodeIgniter\CodeIgniter->handleRequest(NULL, Object(Config\Cache), false)
#7 C:\xampp\htdocs\themindsmith\index.php(37): CodeIgniter\CodeIgniter->run()
#8 {main}
CRITICAL - 2022-04-21 23:52:21 --> require is not a valid rule.
#0 C:\xampp\htdocs\themindsmith\system\Validation\Validation.php(285): CodeIgniter\Validation\Exceptions\ValidationException::forRuleNotFound('require')
#1 C:\xampp\htdocs\themindsmith\system\Validation\Validation.php(151): CodeIgniter\Validation\Validation->processRules('doctor_fee', 'doctor_fee', NULL, Array, Array)
#2 C:\xampp\htdocs\themindsmith\system\Controller.php(160): CodeIgniter\Validation\Validation->run()
#3 C:\xampp\htdocs\themindsmith\app\Controllers\Doctor_controller.php(39): CodeIgniter\Controller->validate(Array)
#4 C:\xampp\htdocs\themindsmith\system\CodeIgniter.php(802): App\Controllers\Doctor_controller->add_doctors()
#5 C:\xampp\htdocs\themindsmith\system\CodeIgniter.php(399): CodeIgniter\CodeIgniter->runController(Object(App\Controllers\Doctor_controller))
#6 C:\xampp\htdocs\themindsmith\system\CodeIgniter.php(317): CodeIgniter\CodeIgniter->handleRequest(NULL, Object(Config\Cache), false)
#7 C:\xampp\htdocs\themindsmith\index.php(37): CodeIgniter\CodeIgniter->run()
#8 {main}
CRITICAL - 2022-04-21 23:52:27 --> require is not a valid rule.
#0 C:\xampp\htdocs\themindsmith\system\Validation\Validation.php(285): CodeIgniter\Validation\Exceptions\ValidationException::forRuleNotFound('require')
#1 C:\xampp\htdocs\themindsmith\system\Validation\Validation.php(151): CodeIgniter\Validation\Validation->processRules('doctor_fee', 'doctor_fee', '', Array, Array)
#2 C:\xampp\htdocs\themindsmith\system\Controller.php(160): CodeIgniter\Validation\Validation->run()
#3 C:\xampp\htdocs\themindsmith\app\Controllers\Doctor_controller.php(39): CodeIgniter\Controller->validate(Array)
#4 C:\xampp\htdocs\themindsmith\system\CodeIgniter.php(802): App\Controllers\Doctor_controller->add_doctors()
#5 C:\xampp\htdocs\themindsmith\system\CodeIgniter.php(399): CodeIgniter\CodeIgniter->runController(Object(App\Controllers\Doctor_controller))
#6 C:\xampp\htdocs\themindsmith\system\CodeIgniter.php(317): CodeIgniter\CodeIgniter->handleRequest(NULL, Object(Config\Cache), false)
#7 C:\xampp\htdocs\themindsmith\index.php(37): CodeIgniter\CodeIgniter->run()
#8 {main}
